<?xml version="1.0" encoding="UTF-8"?>
<!-- Generated by org.testng.reporters.JUnitXMLReporter -->
<testsuite hostname="LAPTOP-NLMRCDTF" ignored="0" name="Default test" tests="5" failures="0" timestamp="14 Jun 2020 14:29:41 GMT" time="168.69" errors="0">
  <testcase name="validLogin" time="16.925" classname="testcases.TC002"/>
  <testcase name="validLogin" time="15.464" classname="testcases.TC002"/>
  <testcase name="validLogin" time="14.548" classname="testcases.TC002"/>
  <testcase name="validLogin" time="13.735" classname="testcases.TC002"/>
  <testcase name="validLogin" time="14.248" classname="testcases.TC002"/>
</testsuite> <!-- Default test -->
