<?xml version="1.0" encoding="UTF-8"?>
<!-- Generated by org.testng.reporters.JUnitXMLReporter -->
<testsuite hostname="LAPTOP-NLMRCDTF" ignored="0" name="Test" tests="1" failures="0" timestamp="13 Jun 2020 09:09:42 GMT" time="0.063" errors="0">
  <testcase name="@BeforeClass launchApp" time="0.031" classname="testcases.BaseTest">
    <failure type="java.lang.NullPointerException">
      <![CDATA[java.lang.NullPointerException
	at testcases.BaseTest.launchApp(BaseTest.java:54)
... Removed 25 stack frames]]>
    </failure>
  </testcase> <!-- @BeforeClass launchApp -->
  <testcase name="@BeforeMethod loginToApp" time="0.0" classname="testcases.BaseTest">
    <skipped/>
  </testcase> <!-- @BeforeMethod loginToApp -->
  <testcase name="@AfterClass closeApp" time="0.0" classname="testcases.BaseTest">
    <failure type="java.lang.NullPointerException">
      <![CDATA[java.lang.NullPointerException
	at testcases.BaseTest.closeApp(BaseTest.java:84)
... Removed 25 stack frames]]>
    </failure>
  </testcase> <!-- @AfterClass closeApp -->
  <testcase name="validLogin" time="0.0" classname="testcases.TC001">
    <skipped/>
  </testcase> <!-- validLogin -->
</testsuite> <!-- Test -->
